<?xml version="1.0" encoding="UTF-8"?>
<testsuite xmlns:xsi="http://www.w3.org/2001/XMLSchema-instance" xsi:noNamespaceSchemaLocation="https://maven.apache.org/surefire/maven-surefire-plugin/xsd/surefire-test-report-3.0.xsd" version="3.0" name="com.example.springboottesting.SpringboottestingApplicationTests" time="4.354" tests="1" errors="0" skipped="0" failures="0">
  <properties>
[...]
</properties>
  <testcase name="contextLoads" classname="com.example.springboottesting.SpringboottestingApplicationTests" time="0.008">
    <system-out><![CDATA[2024-01-11T11:16:42.488+05:30  INFO 18952 --- [           main] t.c.s.AnnotationConfigContextLoaderUtils : Could not detect default configuration classes for test class [com.example.springboottesting.SpringboottestingApplicationTests]: SpringboottestingApplicationTests does not declare any static, non-private, non-final, nested classes annotated with @Configuration.
2024-01-11T11:16:42.550+05:30  INFO 18952 --- [           main] .b.t.c.SpringBootTestContextBootstrapper : Found @SpringBootConfiguration com.example.springboottesting.SpringboottestingApplication for test class com.example.springboottesting.SpringboottestingApplicationTests

  .   ____          _            __ _ _
 /\\ / ___'_ __ _ _(_)_ __  __ _ \ \ \ \
( ( )\___ | '_ | '_| | '_ \/ _` | \ \ \ \
 \\/  ___)| |_)| | | | | || (_| |  ) ) ) )
  '  |____| .__|_| |_|_| |_\__, | / / / /
 =========|_|==============|___/=/_/_/_/
 :: Spring Boot ::                (v3.1.3)

2024-01-11T11:16:42.782+05:30  INFO 18952 --- [           main] c.e.s.SpringboottestingApplicationTests  : Starting SpringboottestingApplicationTests using Java 17.0.1 with PID 18952 (started by Nandha Kumar in E:\New work space\springboottesting)
2024-01-11T11:16:42.783+05:30  INFO 18952 --- [           main] c.e.s.SpringboottestingApplicationTests  : No active profile set, falling back to 1 default profile: "default"
2024-01-11T11:16:43.886+05:30  INFO 18952 --- [           main] .s.d.r.c.RepositoryConfigurationDelegate : Bootstrapping Spring Data JPA repositories in DEFAULT mode.
2024-01-11T11:16:43.903+05:30  INFO 18952 --- [           main] .s.d.r.c.RepositoryConfigurationDelegate : Finished Spring Data repository scanning in 16 ms. Found 1 JPA repository interfaces.
2024-01-11T11:16:44.202+05:30  INFO 18952 --- [           main] o.hibernate.jpa.internal.util.LogHelper  : HHH000204: Processing PersistenceUnitInfo [name: default]
2024-01-11T11:16:44.212+05:30  INFO 18952 --- [           main] o.h.b.i.BytecodeProviderInitiator        : HHH000021: Bytecode provider name : bytebuddy
2024-01-11T11:16:44.213+05:30  INFO 18952 --- [           main] o.s.o.j.p.SpringPersistenceUnitInfo      : No LoadTimeWeaver setup: ignoring JPA class transformer
2024-01-11T11:16:44.214+05:30  INFO 18952 --- [           main] com.zaxxer.hikari.HikariDataSource       : HikariPool-2 - Starting...
2024-01-11T11:16:45.219+05:30  INFO 18952 --- [           main] com.zaxxer.hikari.pool.HikariPool        : HikariPool-2 - Added connection com.mysql.cj.jdbc.ConnectionImpl@1b18fa79
2024-01-11T11:16:45.219+05:30  INFO 18952 --- [           main] com.zaxxer.hikari.HikariDataSource       : HikariPool-2 - Start completed.
2024-01-11T11:16:45.223+05:30  WARN 18952 --- [           main] org.hibernate.orm.deprecation            : HHH90000026: MySQL8Dialect has been deprecated; use org.hibernate.dialect.MySQLDialect instead
2024-01-11T11:16:45.246+05:30  INFO 18952 --- [           main] o.h.b.i.BytecodeProviderInitiator        : HHH000021: Bytecode provider name : bytebuddy
2024-01-11T11:16:45.302+05:30  INFO 18952 --- [           main] o.h.e.t.j.p.i.JtaPlatformInitiator       : HHH000490: Using JtaPlatform implementation: [org.hibernate.engine.transaction.jta.platform.internal.NoJtaPlatform]
2024-01-11T11:16:45.424+05:30  INFO 18952 --- [           main] j.LocalContainerEntityManagerFactoryBean : Initialized JPA EntityManagerFactory for persistence unit 'default'
2024-01-11T11:16:46.042+05:30  WARN 18952 --- [           main] JpaBaseConfiguration$JpaWebConfiguration : spring.jpa.open-in-view is enabled by default. Therefore, database queries may be performed during view rendering. Explicitly configure spring.jpa.open-in-view to disable this warning
2024-01-11T11:16:46.804+05:30  INFO 18952 --- [           main] c.e.s.SpringboottestingApplicationTests  : Started SpringboottestingApplicationTests in 4.166 seconds (process running for 38.288)
]]></system-out>
  </testcase>
</testsuite>